<?xml version="1.0" encoding="UTF-8"?>
<!-- Generated by org.testng.reporters.JUnitXMLReporter -->
<testsuite hostname="ykratsylo-hp" ignored="1" name="Surefire test" tests="2" failures="0" timestamp="24 Dec 2018 16:48:02 GMT" time="0.595" errors="0">
  <testcase name="@BeforeClass setDriver" time="0.0" classname="webTests.BaseTest">
    <failure type="java.lang.NullPointerException">
      <![CDATA[java.lang.NullPointerException
at webTests.BaseTest.setDriver(BaseTest.java:27)
... Removed 31 stack frames]]>
    </failure>
  </testcase> <!-- @BeforeClass setDriver -->
  <testcase name="@AfterClass afterMethod" time="0.0" classname="webTests.BaseTest">
    <skipped/>
  </testcase> <!-- @AfterClass afterMethod -->
  <testcase name="checkPurchasePriceSlider" time="0.0" classname="webTests.MortgagePaymentTests">
    <skipped/>
  </testcase> <!-- checkPurchasePriceSlider -->
  <testcase name="checkWeeklyPaymentsValue" time="0.0" classname="webTests.MortgagePaymentTests">
    <skipped/>
  </testcase> <!-- checkWeeklyPaymentsValue -->
  <testcase name="@BeforeTest beforeTest" time="0.0" classname="webTests.BaseTest">
    <ignored/>
  </testcase> <!-- @BeforeTest beforeTest -->
</testsuite> <!-- Surefire test -->
