<?xml version="1.0" encoding="UTF-8"?>
<!-- Generated by org.testng.reporters.JUnitXMLReporter -->
<testsuite hostname="DESKTOP-O8EQGNH" ignored="1" name="Surefire test" tests="2" failures="0" timestamp="25 груд. 2018 09:52:26 GMT" time="0.535" errors="0">
  <testcase name="@BeforeMethod beforeMethod" time="0.0" classname="webTests.BaseTest">
    <failure type="java.lang.NullPointerException">
      <![CDATA[java.lang.NullPointerException
at webTests.BaseTest.beforeMethod(BaseTest.java:30)
... Removed 33 stack frames]]>
    </failure>
  </testcase> <!-- @BeforeMethod beforeMethod -->
  <testcase name="@BeforeMethod beforeMethod" time="0.0" classname="webTests.BaseTest">
    <skipped/>
  </testcase> <!-- @BeforeMethod beforeMethod -->
  <testcase name="@AfterClass afterMethod" time="0.0" classname="webTests.BaseTest">
    <skipped/>
  </testcase> <!-- @AfterClass afterMethod -->
  <testcase name="checkPurchasePriceSlider" time="0.0" classname="webTests.MortgagePaymentTests">
    <skipped/>
  </testcase> <!-- checkPurchasePriceSlider -->
  <testcase name="checkWeeklyPaymentsValue" time="0.0" classname="webTests.MortgagePaymentTests">
    <skipped/>
  </testcase> <!-- checkWeeklyPaymentsValue -->
  <testcase name="@BeforeTest beforeTest" time="0.0" classname="webTests.BaseTest">
    <ignored/>
  </testcase> <!-- @BeforeTest beforeTest -->
</testsuite> <!-- Surefire test -->
