-------------------------------------------------------------------------------
Test set: TestSuite
-------------------------------------------------------------------------------
Tests run: 4, Failures: 1, Errors: 0, Skipped: 3, Time elapsed: 3.624 s <<< FAILURE! - in TestSuite
setDriver(webTests.MortgagePaymentTests)  Time elapsed: 2.578 s  <<< FAILURE!
java.lang.NullPointerException

