<?xml version="1.0" encoding="UTF-8"?>
<testsuite xmlns:xsi="http://www.w3.org/2001/XMLSchema-instance" xsi:noNamespaceSchemaLocation="https://maven.apache.org/surefire/maven-surefire-plugin/xsd/surefire-test-report.xsd" name="TestSuite" time="3.084" tests="5" errors="0" skipped="4" failures="1">
  <properties>
[...]
</properties>
  <testcase name="beforeMethod" classname="webTests.MortgagePaymentTests" time="2.653">
    <failure type="java.lang.NullPointerException">java.lang.NullPointerException
</failure>
    <system-err><![CDATA[SLF4J: Failed to load class "org.slf4j.impl.StaticLoggerBinder".
SLF4J: Defaulting to no-operation (NOP) logger implementation
SLF4J: See http://www.slf4j.org/codes.html#StaticLoggerBinder for further details.
]]></system-err>
  </testcase>
  <testcase name="beforeMethod" classname="webTests.MortgagePaymentTests" time="0">
    <skipped/>
  </testcase>
  <testcase name="checkPurchasePriceSlider" classname="webTests.MortgagePaymentTests" time="0">
    <skipped/>
  </testcase>
  <testcase name="checkWeeklyPaymentsValue" classname="webTests.MortgagePaymentTests" time="0">
    <skipped/>
  </testcase>
  <testcase name="afterMethod" classname="webTests.MortgagePaymentTests" time="0">
    <skipped/>
  </testcase>
</testsuite>